{"D:/mes projets/OC-P11-Kasa/src/components/card/Card.tsx": {"path":"D:/mes projets/OC-P11-Kasa/src/components/card/Card.tsx","statementMap":{"0":{"start":{"line":12,"column":21},"end":{"line":12,"column":null}},"1":{"start":{"line":14,"column":4},"end":{"line":21,"column":null}},"2":{"start":{"line":17,"column":27},"end":{"line":17,"column":null}}},"fnMap":{"0":{"name":"Card","decl":{"start":{"line":11,"column":24},"end":{"line":11,"column":29}},"loc":{"start":{"line":11,"column":47},"end":{"line":23,"column":null}}},"1":{"name":"(anonymous_1)","decl":{"start":{"line":17,"column":21},"end":{"line":17,"column":27}},"loc":{"start":{"line":17,"column":27},"end":{"line":17,"column":null}}}},"branchMap":{},"s":{"0":22,"1":22,"2":1},"f":{"0":22,"1":1},"b":{}}
,"D:/mes projets/OC-P11-Kasa/src/components/footer/Footer.tsx": {"path":"D:/mes projets/OC-P11-Kasa/src/components/footer/Footer.tsx","statementMap":{"0":{"start":{"line":6,"column":4},"end":{"line":12,"column":null}}},"fnMap":{"0":{"name":"Footer","decl":{"start":{"line":5,"column":24},"end":{"line":5,"column":33}},"loc":{"start":{"line":5,"column":33},"end":{"line":14,"column":null}}}},"branchMap":{},"s":{"0":1},"f":{"0":1},"b":{}}
,"D:/mes projets/OC-P11-Kasa/src/components/header/Header.tsx": {"path":"D:/mes projets/OC-P11-Kasa/src/components/header/Header.tsx","statementMap":{"0":{"start":{"line":7,"column":4},"end":{"line":30,"column":null}},"1":{"start":{"line":14,"column":24},"end":{"line":14,"column":null}},"2":{"start":{"line":23,"column":24},"end":{"line":23,"column":null}}},"fnMap":{"0":{"name":"Header","decl":{"start":{"line":6,"column":24},"end":{"line":6,"column":33}},"loc":{"start":{"line":6,"column":33},"end":{"line":32,"column":null}}},"1":{"name":"(anonymous_1)","decl":{"start":{"line":13,"column":31},"end":{"line":13,"column":32}},"loc":{"start":{"line":14,"column":24},"end":{"line":14,"column":null}}},"2":{"name":"(anonymous_2)","decl":{"start":{"line":22,"column":31},"end":{"line":22,"column":32}},"loc":{"start":{"line":23,"column":24},"end":{"line":23,"column":null}}}},"branchMap":{"0":{"loc":{"start":{"line":14,"column":24},"end":{"line":14,"column":null}},"type":"cond-expr","locations":[{"start":{"line":14,"column":35},"end":{"line":14,"column":51}},{"start":{"line":14,"column":51},"end":{"line":14,"column":null}}]},"1":{"loc":{"start":{"line":23,"column":24},"end":{"line":23,"column":null}},"type":"cond-expr","locations":[{"start":{"line":23,"column":35},"end":{"line":23,"column":51}},{"start":{"line":23,"column":51},"end":{"line":23,"column":null}}]}},"s":{"0":1,"1":3,"2":3},"f":{"0":1,"1":3,"2":3},"b":{"0":[2,1],"1":[1,2]}}
,"D:/mes projets/OC-P11-Kasa/src/pages/about/About.tsx": {"path":"D:/mes projets/OC-P11-Kasa/src/pages/about/About.tsx","statementMap":{"0":{"start":{"line":4,"column":4},"end":{"line":7,"column":null}}},"fnMap":{"0":{"name":"About","decl":{"start":{"line":3,"column":24},"end":{"line":3,"column":32}},"loc":{"start":{"line":3,"column":32},"end":{"line":9,"column":null}}}},"branchMap":{},"s":{"0":2},"f":{"0":2},"b":{}}
,"D:/mes projets/OC-P11-Kasa/src/pages/error/Error.tsx": {"path":"D:/mes projets/OC-P11-Kasa/src/pages/error/Error.tsx","statementMap":{"0":{"start":{"line":4,"column":4},"end":{"line":7,"column":null}}},"fnMap":{"0":{"name":"Error","decl":{"start":{"line":3,"column":24},"end":{"line":3,"column":32}},"loc":{"start":{"line":3,"column":32},"end":{"line":9,"column":null}}}},"branchMap":{},"s":{"0":1},"f":{"0":1},"b":{}}
,"D:/mes projets/OC-P11-Kasa/src/pages/home/Home.tsx": {"path":"D:/mes projets/OC-P11-Kasa/src/pages/home/Home.tsx","statementMap":{"0":{"start":{"line":8,"column":30},"end":{"line":8,"column":null}},"1":{"start":{"line":9,"column":4},"end":{"line":9,"column":null}},"2":{"start":{"line":9,"column":34},"end":{"line":9,"column":51}},"3":{"start":{"line":11,"column":4},"end":{"line":31,"column":null}},"4":{"start":{"line":18,"column":20},"end":{"line":24,"column":null}},"5":{"start":{"line":28,"column":35},"end":{"line":28,"column":67}},"6":{"start":{"line":28,"column":55},"end":{"line":28,"column":64}}},"fnMap":{"0":{"name":"Home","decl":{"start":{"line":7,"column":24},"end":{"line":7,"column":31}},"loc":{"start":{"line":7,"column":31},"end":{"line":33,"column":null}}},"1":{"name":"(anonymous_1)","decl":{"start":{"line":9,"column":24},"end":{"line":9,"column":25}},"loc":{"start":{"line":9,"column":34},"end":{"line":9,"column":51}}},"2":{"name":"(anonymous_2)","decl":{"start":{"line":17,"column":33},"end":{"line":17,"column":34}},"loc":{"start":{"line":17,"column":48},"end":{"line":26,"column":17}}},"3":{"name":"(anonymous_3)","decl":{"start":{"line":28,"column":29},"end":{"line":28,"column":35}},"loc":{"start":{"line":28,"column":35},"end":{"line":28,"column":67}}},"4":{"name":"(anonymous_4)","decl":{"start":{"line":28,"column":44},"end":{"line":28,"column":45}},"loc":{"start":{"line":28,"column":55},"end":{"line":28,"column":64}}}},"branchMap":{},"s":{"0":1,"1":1,"2":20,"3":1,"4":20,"5":0,"6":0},"f":{"0":1,"1":20,"2":20,"3":0,"4":0},"b":{}}
,"D:/mes projets/OC-P11-Kasa/src/pages/lodging/Lodging.tsx": {"path":"D:/mes projets/OC-P11-Kasa/src/pages/lodging/Lodging.tsx","statementMap":{"0":{"start":{"line":4,"column":4},"end":{"line":7,"column":null}}},"fnMap":{"0":{"name":"Lodging","decl":{"start":{"line":3,"column":24},"end":{"line":3,"column":34}},"loc":{"start":{"line":3,"column":34},"end":{"line":9,"column":null}}}},"branchMap":{},"s":{"0":1},"f":{"0":1},"b":{}}
,"D:/mes projets/OC-P11-Kasa/src/router/Router.tsx": {"path":"D:/mes projets/OC-P11-Kasa/src/router/Router.tsx","statementMap":{"0":{"start":{"line":9,"column":4},"end":{"line":17,"column":null}}},"fnMap":{"0":{"name":"Router","decl":{"start":{"line":8,"column":24},"end":{"line":8,"column":33}},"loc":{"start":{"line":8,"column":33},"end":{"line":19,"column":null}}}},"branchMap":{},"s":{"0":4},"f":{"0":4},"b":{}}
}
